<?xml version="1.0" encoding="UTF-8" ?>
<testsuite tests="4" failures="0" name="paymentsTest.runner.CukesRunnerTest" time="74.98" errors="0" skipped="0">
  <properties>
[...]
</properties>
  <testcase classname="Hre i give a test feature name" name="User should be able to search product #1" time="22.297"/>
  <testcase classname="Hre i give a test feature name" name="User should be able to search product #2" time="20.624"/>
  <testcase classname="Hre i give a test feature name" name="User should be able to search product #3" time="19.13"/>
  <testcase classname="Hre i give a test feature name" name="Google home page footer links verification" time="12.929"/>
</testsuite>